The system is: Linux - 5.4.0-60-generic - x86_64
Compiling the C compiler identification source file "CMakeCCompilerId.c" succeeded.
Compiler: /usr/bin/cc 
Build flags: 
Id flags:  

The output was:
0


Compilation of the C compiler identification source "CMakeCCompilerId.c" produced "a.out"

The C compiler identification is GNU, found in "/home/dhem/deom_git/HASSIM/b/CMakeFiles/3.16.3/CompilerIdC/a.out"

Compiling the CXX compiler identification source file "CMakeCXXCompilerId.cpp" succeeded.
Compiler: /usr/bin/c++ 
Build flags: 
Id flags:  

The output was:
0


Compilation of the CXX compiler identification source "CMakeCXXCompilerId.cpp" produced "a.out"

The CXX compiler identification is GNU, found in "/home/dhem/deom_git/HASSIM/b/CMakeFiles/3.16.3/CompilerIdCXX/a.out"

Determining if the C compiler works passed with the following output:
Change Dir: /home/dhem/deom_git/HASSIM/b/CMakeFiles/CMakeTmp

Run Build Command(s):/usr/bin/make cmTC_b315e/fast && /usr/bin/make -f CMakeFiles/cmTC_b315e.dir/build.make CMakeFiles/cmTC_b315e.dir/build
make[1]: Entering directory '/home/dhem/deom_git/HASSIM/b/CMakeFiles/CMakeTmp'
Building C object CMakeFiles/cmTC_b315e.dir/testCCompiler.c.o
/usr/bin/cc    -o CMakeFiles/cmTC_b315e.dir/testCCompiler.c.o   -c /home/dhem/deom_git/HASSIM/b/CMakeFiles/CMakeTmp/testCCompiler.c
Linking C executable cmTC_b315e
/usr/bin/cmake -E cmake_link_script CMakeFiles/cmTC_b315e.dir/link.txt --verbose=1
/usr/bin/cc      -rdynamic CMakeFiles/cmTC_b315e.dir/testCCompiler.c.o  -o cmTC_b315e 
make[1]: Leaving directory '/home/dhem/deom_git/HASSIM/b/CMakeFiles/CMakeTmp'



Detecting C compiler ABI info compiled with the following output:
Change Dir: /home/dhem/deom_git/HASSIM/b/CMakeFiles/CMakeTmp

Run Build Command(s):/usr/bin/make cmTC_5d7c8/fast && /usr/bin/make -f CMakeFiles/cmTC_5d7c8.dir/build.make CMakeFiles/cmTC_5d7c8.dir/build
make[1]: Entering directory '/home/dhem/deom_git/HASSIM/b/CMakeFiles/CMakeTmp'
Building C object CMakeFiles/cmTC_5d7c8.dir/CMakeCCompilerABI.c.o
/usr/bin/cc   -v -o CMakeFiles/cmTC_5d7c8.dir/CMakeCCompilerABI.c.o   -c /usr/share/cmake-3.16/Modules/CMakeCCompilerABI.c
Using built-in specs.
COLLECT_GCC=/usr/bin/cc
OFFLOAD_TARGET_NAMES=nvptx-none
OFFLOAD_TARGET_DEFAULT=1
Target: x86_64-linux-gnu
Configured with: ../src/configure -v --with-pkgversion='Ubuntu 8.4.0-3ubuntu2' --with-bugurl=file:///usr/share/doc/gcc-8/README.Bugs --enable-languages=c,ada,c++,go,brig,d,fortran,objc,obj-c++ --prefix=/usr --with-gcc-major-version-only --program-suffix=-8 --program-prefix=x86_64-linux-gnu- --enable-shared --enable-linker-build-id --libexecdir=/usr/lib --without-included-gettext --enable-threads=posix --libdir=/usr/lib --enable-nls --enable-bootstrap --enable-clocale=gnu --enable-libstdcxx-debug --enable-libstdcxx-time=yes --with-default-libstdcxx-abi=new --enable-gnu-unique-object --disable-vtable-verify --enable-libmpx --enable-plugin --enable-default-pie --with-system-zlib --with-target-system-zlib=auto --enable-objc-gc=auto --enable-multiarch --disable-werror --with-arch-32=i686 --with-abi=m64 --with-multilib-list=m32,m64,mx32 --enable-multilib --with-tune=generic --enable-offload-targets=nvptx-none --without-cuda-driver --enable-checking=release --build=x86_64-linux-gnu --host=x86_64-linux-gnu --target=x86_64-linux-gnu
Thread model: posix
gcc version 8.4.0 (Ubuntu 8.4.0-3ubuntu2) 
COLLECT_GCC_OPTIONS='-v' '-o' 'CMakeFiles/cmTC_5d7c8.dir/CMakeCCompilerABI.c.o' '-c' '-mtune=generic' '-march=x86-64'
 /usr/lib/gcc/x86_64-linux-gnu/8/cc1 -quiet -v -imultiarch x86_64-linux-gnu /usr/share/cmake-3.16/Modules/CMakeCCompilerABI.c -quiet -dumpbase CMakeCCompilerABI.c -mtune=generic -march=x86-64 -auxbase-strip CMakeFiles/cmTC_5d7c8.dir/CMakeCCompilerABI.c.o -version -fasynchronous-unwind-tables -fstack-protector-strong -Wformat -Wformat-security -fstack-clash-protection -fcf-protection -o /tmp/ccOf8Ljm.s
GNU C17 (Ubuntu 8.4.0-3ubuntu2) version 8.4.0 (x86_64-linux-gnu)
	compiled by GNU C version 8.4.0, GMP version 6.2.0, MPFR version 4.0.2, MPC version 1.1.0, isl version isl-0.22.1-GMP

GGC heuristics: --param ggc-min-expand=100 --param ggc-min-heapsize=131072
ignoring nonexistent directory "/usr/local/include/x86_64-linux-gnu"
ignoring nonexistent directory "/usr/lib/gcc/x86_64-linux-gnu/8/include-fixed"
ignoring nonexistent directory "/usr/lib/gcc/x86_64-linux-gnu/8/../../../../x86_64-linux-gnu/include"
ignoring duplicate directory "/home/dhem/intel/compilers_and_libraries_2020.0.166/linux/tbb/include"
ignoring duplicate directory "/home/dhem/intel/compilers_and_libraries_2020.0.166/linux/mkl/include"
#include "..." search starts here:
#include <...> search starts here:
 /home/dhem/intel/compilers_and_libraries_2020.0.166/linux/ipp/include
 /home/dhem/intel/compilers_and_libraries_2020.0.166/linux/mkl/include
 /home/dhem/intel/compilers_and_libraries_2020.0.166/linux/pstl/include
 /home/dhem/intel/compilers_and_libraries_2020.0.166/linux/pstl/stdlib
 /home/dhem/intel/compilers_and_libraries_2020.0.166/linux/tbb/include
 /home/dhem/intel/compilers_and_libraries_2020.0.166/linux/daal/include
 /usr/lib/gcc/x86_64-linux-gnu/8/include
 /usr/local/include
 /usr/include/x86_64-linux-gnu
 /usr/include
End of search list.
GNU C17 (Ubuntu 8.4.0-3ubuntu2) version 8.4.0 (x86_64-linux-gnu)
	compiled by GNU C version 8.4.0, GMP version 6.2.0, MPFR version 4.0.2, MPC version 1.1.0, isl version isl-0.22.1-GMP

GGC heuristics: --param ggc-min-expand=100 --param ggc-min-heapsize=131072
Compiler executable checksum: 72ca2f61babeb977fcf7485cc9c3fa79
COLLECT_GCC_OPTIONS='-v' '-o' 'CMakeFiles/cmTC_5d7c8.dir/CMakeCCompilerABI.c.o' '-c' '-mtune=generic' '-march=x86-64'
 as -v --64 -o CMakeFiles/cmTC_5d7c8.dir/CMakeCCompilerABI.c.o /tmp/ccOf8Ljm.s
GNU assembler version 2.34 (x86_64-linux-gnu) using BFD version (GNU Binutils for Ubuntu) 2.34
COMPILER_PATH=/usr/lib/gcc/x86_64-linux-gnu/8/:/usr/lib/gcc/x86_64-linux-gnu/8/:/usr/lib/gcc/x86_64-linux-gnu/:/usr/lib/gcc/x86_64-linux-gnu/8/:/usr/lib/gcc/x86_64-linux-gnu/
LIBRARY_PATH=/home/dhem/intel/compilers_and_libraries_2020.0.166/linux/mpi/intel64/libfabric/lib/../lib/:/usr/lib/gcc/x86_64-linux-gnu/8/:/usr/lib/gcc/x86_64-linux-gnu/8/../../../x86_64-linux-gnu/:/usr/lib/gcc/x86_64-linux-gnu/8/../../../../lib/:/lib/x86_64-linux-gnu/:/lib/../lib/:/usr/lib/x86_64-linux-gnu/:/usr/lib/../lib/:/home/dhem/intel/compilers_and_libraries_2020.0.166/linux/mpi/intel64/libfabric/lib/:/home/dhem/intel/compilers_and_libraries_2020.0.166/linux/ipp/lib/intel64/:/home/dhem/intel/compilers_and_libraries_2020.0.166/linux/compiler/lib/intel64_lin/:/home/dhem/intel/compilers_and_libraries_2020.0.166/linux/mkl/lib/intel64_lin/:/home/dhem/intel/compilers_and_libraries_2020.0.166/linux/tbb/lib/intel64/gcc4.8/:/home/dhem/intel/compilers_and_libraries_2020.0.166/linux/tbb/lib/intel64/gcc4.8/:/home/dhem/intel/compilers_and_libraries_2020.0.166/linux/daal/lib/intel64_lin/:/home/dhem/intel/compilers_and_libraries_2020.0.166/linux/daal/../tbb/lib/intel64_lin/gcc4.8/:/home/dhem/intel/compilers_and_libraries_2020.0.166/linux/compiler/lib/intel64_lin/:/home/dhem/intel/compilers_and_libraries_2020.0.166/linux/mkl/lib/intel64_lin/:/usr/lib/gcc/x86_64-linux-gnu/8/../../../:/lib/:/usr/lib/
COLLECT_GCC_OPTIONS='-v' '-o' 'CMakeFiles/cmTC_5d7c8.dir/CMakeCCompilerABI.c.o' '-c' '-mtune=generic' '-march=x86-64'
Linking C executable cmTC_5d7c8
/usr/bin/cmake -E cmake_link_script CMakeFiles/cmTC_5d7c8.dir/link.txt --verbose=1
/usr/bin/cc     -v -rdynamic CMakeFiles/cmTC_5d7c8.dir/CMakeCCompilerABI.c.o  -o cmTC_5d7c8 
Using built-in specs.
COLLECT_GCC=/usr/bin/cc
COLLECT_LTO_WRAPPER=/usr/lib/gcc/x86_64-linux-gnu/8/lto-wrapper
OFFLOAD_TARGET_NAMES=nvptx-none
OFFLOAD_TARGET_DEFAULT=1
Target: x86_64-linux-gnu
Configured with: ../src/configure -v --with-pkgversion='Ubuntu 8.4.0-3ubuntu2' --with-bugurl=file:///usr/share/doc/gcc-8/README.Bugs --enable-languages=c,ada,c++,go,brig,d,fortran,objc,obj-c++ --prefix=/usr --with-gcc-major-version-only --program-suffix=-8 --program-prefix=x86_64-linux-gnu- --enable-shared --enable-linker-build-id --libexecdir=/usr/lib --without-included-gettext --enable-threads=posix --libdir=/usr/lib --enable-nls --enable-bootstrap --enable-clocale=gnu --enable-libstdcxx-debug --enable-libstdcxx-time=yes --with-default-libstdcxx-abi=new --enable-gnu-unique-object --disable-vtable-verify --enable-libmpx --enable-plugin --enable-default-pie --with-system-zlib --with-target-system-zlib=auto --enable-objc-gc=auto --enable-multiarch --disable-werror --with-arch-32=i686 --with-abi=m64 --with-multilib-list=m32,m64,mx32 --enable-multilib --with-tune=generic --enable-offload-targets=nvptx-none --without-cuda-driver --enable-checking=release --build=x86_64-linux-gnu --host=x86_64-linux-gnu --target=x86_64-linux-gnu
Thread model: posix
gcc version 8.4.0 (Ubuntu 8.4.0-3ubuntu2) 
COMPILER_PATH=/usr/lib/gcc/x86_64-linux-gnu/8/:/usr/lib/gcc/x86_64-linux-gnu/8/:/usr/lib/gcc/x86_64-linux-gnu/:/usr/lib/gcc/x86_64-linux-gnu/8/:/usr/lib/gcc/x86_64-linux-gnu/
LIBRARY_PATH=/home/dhem/intel/compilers_and_libraries_2020.0.166/linux/mpi/intel64/libfabric/lib/../lib/:/usr/lib/gcc/x86_64-linux-gnu/8/:/usr/lib/gcc/x86_64-linux-gnu/8/../../../x86_64-linux-gnu/:/usr/lib/gcc/x86_64-linux-gnu/8/../../../../lib/:/lib/x86_64-linux-gnu/:/lib/../lib/:/usr/lib/x86_64-linux-gnu/:/usr/lib/../lib/:/home/dhem/intel/compilers_and_libraries_2020.0.166/linux/mpi/intel64/libfabric/lib/:/home/dhem/intel/compilers_and_libraries_2020.0.166/linux/ipp/lib/intel64/:/home/dhem/intel/compilers_and_libraries_2020.0.166/linux/compiler/lib/intel64_lin/:/home/dhem/intel/compilers_and_libraries_2020.0.166/linux/mkl/lib/intel64_lin/:/home/dhem/intel/compilers_and_libraries_2020.0.166/linux/tbb/lib/intel64/gcc4.8/:/home/dhem/intel/compilers_and_libraries_2020.0.166/linux/tbb/lib/intel64/gcc4.8/:/home/dhem/intel/compilers_and_libraries_2020.0.166/linux/daal/lib/intel64_lin/:/home/dhem/intel/compilers_and_libraries_2020.0.166/linux/daal/../tbb/lib/intel64_lin/gcc4.8/:/home/dhem/intel/compilers_and_libraries_2020.0.166/linux/compiler/lib/intel64_lin/:/home/dhem/intel/compilers_and_libraries_2020.0.166/linux/mkl/lib/intel64_lin/:/usr/lib/gcc/x86_64-linux-gnu/8/../../../:/lib/:/usr/lib/
COLLECT_GCC_OPTIONS='-v' '-rdynamic' '-o' 'cmTC_5d7c8' '-mtune=generic' '-march=x86-64'
 /usr/lib/gcc/x86_64-linux-gnu/8/collect2 -plugin /usr/lib/gcc/x86_64-linux-gnu/8/liblto_plugin.so -plugin-opt=/usr/lib/gcc/x86_64-linux-gnu/8/lto-wrapper -plugin-opt=-fresolution=/tmp/ccazIBaQ.res -plugin-opt=-pass-through=-lgcc -plugin-opt=-pass-through=-lgcc_s -plugin-opt=-pass-through=-lc -plugin-opt=-pass-through=-lgcc -plugin-opt=-pass-through=-lgcc_s --build-id --eh-frame-hdr -m elf_x86_64 --hash-style=gnu --as-needed -export-dynamic -dynamic-linker /lib64/ld-linux-x86-64.so.2 -pie -z now -z relro -o cmTC_5d7c8 /usr/lib/gcc/x86_64-linux-gnu/8/../../../x86_64-linux-gnu/Scrt1.o /usr/lib/gcc/x86_64-linux-gnu/8/../../../x86_64-linux-gnu/crti.o /usr/lib/gcc/x86_64-linux-gnu/8/crtbeginS.o -L/home/dhem/intel/compilers_and_libraries_2020.0.166/linux/mpi/intel64/libfabric/lib/../lib -L/usr/lib/gcc/x86_64-linux-gnu/8 -L/usr/lib/gcc/x86_64-linux-gnu/8/../../../x86_64-linux-gnu -L/usr/lib/gcc/x86_64-linux-gnu/8/../../../../lib -L/lib/x86_64-linux-gnu -L/lib/../lib -L/usr/lib/x86_64-linux-gnu -L/usr/lib/../lib -L/home/dhem/intel/compilers_and_libraries_2020.0.166/linux/mpi/intel64/libfabric/lib -L/home/dhem/intel/compilers_and_libraries_2020.0.166/linux/ipp/lib/intel64 -L/home/dhem/intel/compilers_and_libraries_2020.0.166/linux/compiler/lib/intel64_lin -L/home/dhem/intel/compilers_and_libraries_2020.0.166/linux/mkl/lib/intel64_lin -L/home/dhem/intel/compilers_and_libraries_2020.0.166/linux/tbb/lib/intel64/gcc4.8 -L/home/dhem/intel/compilers_and_libraries_2020.0.166/linux/tbb/lib/intel64/gcc4.8 -L/home/dhem/intel/compilers_and_libraries_2020.0.166/linux/daal/lib/intel64_lin -L/home/dhem/intel/compilers_and_libraries_2020.0.166/linux/daal/../tbb/lib/intel64_lin/gcc4.8 -L/home/dhem/intel/compilers_and_libraries_2020.0.166/linux/compiler/lib/intel64_lin -L/home/dhem/intel/compilers_and_libraries_2020.0.166/linux/mkl/lib/intel64_lin -L/usr/lib/gcc/x86_64-linux-gnu/8/../../.. CMakeFiles/cmTC_5d7c8.dir/CMakeCCompilerABI.c.o -lgcc --push-state --as-needed -lgcc_s --pop-state -lc -lgcc --push-state --as-needed -lgcc_s --pop-state /usr/lib/gcc/x86_64-linux-gnu/8/crtendS.o /usr/lib/gcc/x86_64-linux-gnu/8/../../../x86_64-linux-gnu/crtn.o
COLLECT_GCC_OPTIONS='-v' '-rdynamic' '-o' 'cmTC_5d7c8' '-mtune=generic' '-march=x86-64'
make[1]: Leaving directory '/home/dhem/deom_git/HASSIM/b/CMakeFiles/CMakeTmp'



Parsed C implicit include dir info from above output: rv=done
  found start of include info
  found start of implicit include info
    add: [/home/dhem/intel/compilers_and_libraries_2020.0.166/linux/ipp/include]
    add: [/home/dhem/intel/compilers_and_libraries_2020.0.166/linux/mkl/include]
    add: [/home/dhem/intel/compilers_and_libraries_2020.0.166/linux/pstl/include]
    add: [/home/dhem/intel/compilers_and_libraries_2020.0.166/linux/pstl/stdlib]
    add: [/home/dhem/intel/compilers_and_libraries_2020.0.166/linux/tbb/include]
    add: [/home/dhem/intel/compilers_and_libraries_2020.0.166/linux/daal/include]
    add: [/usr/lib/gcc/x86_64-linux-gnu/8/include]
    add: [/usr/local/include]
    add: [/usr/include/x86_64-linux-gnu]
    add: [/usr/include]
  end of search list found
  collapse include dir [/home/dhem/intel/compilers_and_libraries_2020.0.166/linux/ipp/include] ==> [/home/dhem/intel/compilers_and_libraries_2020.0.166/linux/ipp/include]
  collapse include dir [/home/dhem/intel/compilers_and_libraries_2020.0.166/linux/mkl/include] ==> [/home/dhem/intel/compilers_and_libraries_2020.0.166/linux/mkl/include]
  collapse include dir [/home/dhem/intel/compilers_and_libraries_2020.0.166/linux/pstl/include] ==> [/home/dhem/intel/compilers_and_libraries_2020.0.166/linux/pstl/include]
  collapse include dir [/home/dhem/intel/compilers_and_libraries_2020.0.166/linux/pstl/stdlib] ==> [/home/dhem/intel/compilers_and_libraries_2020.0.166/linux/pstl/stdlib]
  collapse include dir [/home/dhem/intel/compilers_and_libraries_2020.0.166/linux/tbb/include] ==> [/home/dhem/intel/compilers_and_libraries_2020.0.166/linux/tbb/include]
  collapse include dir [/home/dhem/intel/compilers_and_libraries_2020.0.166/linux/daal/include] ==> [/home/dhem/intel/compilers_and_libraries_2020.0.166/linux/daal/include]
  collapse include dir [/usr/lib/gcc/x86_64-linux-gnu/8/include] ==> [/usr/lib/gcc/x86_64-linux-gnu/8/include]
  collapse include dir [/usr/local/include] ==> [/usr/local/include]
  collapse include dir [/usr/include/x86_64-linux-gnu] ==> [/usr/include/x86_64-linux-gnu]
  collapse include dir [/usr/include] ==> [/usr/include]
  implicit include dirs: [/home/dhem/intel/compilers_and_libraries_2020.0.166/linux/ipp/include;/home/dhem/intel/compilers_and_libraries_2020.0.166/linux/mkl/include;/home/dhem/intel/compilers_and_libraries_2020.0.166/linux/pstl/include;/home/dhem/intel/compilers_and_libraries_2020.0.166/linux/pstl/stdlib;/home/dhem/intel/compilers_and_libraries_2020.0.166/linux/tbb/include;/home/dhem/intel/compilers_and_libraries_2020.0.166/linux/daal/include;/usr/lib/gcc/x86_64-linux-gnu/8/include;/usr/local/include;/usr/include/x86_64-linux-gnu;/usr/include]


Parsed C implicit link information from above output:
  link line regex: [^( *|.*[/\])(ld|CMAKE_LINK_STARTFILE-NOTFOUND|([^/\]+-)?ld|collect2)[^/\]*( |$)]
  ignore line: [Change Dir: /home/dhem/deom_git/HASSIM/b/CMakeFiles/CMakeTmp]
  ignore line: []
  ignore line: [Run Build Command(s):/usr/bin/make cmTC_5d7c8/fast && /usr/bin/make -f CMakeFiles/cmTC_5d7c8.dir/build.make CMakeFiles/cmTC_5d7c8.dir/build]
  ignore line: [make[1]: Entering directory '/home/dhem/deom_git/HASSIM/b/CMakeFiles/CMakeTmp']
  ignore line: [Building C object CMakeFiles/cmTC_5d7c8.dir/CMakeCCompilerABI.c.o]
  ignore line: [/usr/bin/cc   -v -o CMakeFiles/cmTC_5d7c8.dir/CMakeCCompilerABI.c.o   -c /usr/share/cmake-3.16/Modules/CMakeCCompilerABI.c]
  ignore line: [Using built-in specs.]
  ignore line: [COLLECT_GCC=/usr/bin/cc]
  ignore line: [OFFLOAD_TARGET_NAMES=nvptx-none]
  ignore line: [OFFLOAD_TARGET_DEFAULT=1]
  ignore line: [Target: x86_64-linux-gnu]
  ignore line: [Configured with: ../src/configure -v --with-pkgversion='Ubuntu 8.4.0-3ubuntu2' --with-bugurl=file:///usr/share/doc/gcc-8/README.Bugs --enable-languages=c ada c++ go brig d fortran objc obj-c++ --prefix=/usr --with-gcc-major-version-only --program-suffix=-8 --program-prefix=x86_64-linux-gnu- --enable-shared --enable-linker-build-id --libexecdir=/usr/lib --without-included-gettext --enable-threads=posix --libdir=/usr/lib --enable-nls --enable-bootstrap --enable-clocale=gnu --enable-libstdcxx-debug --enable-libstdcxx-time=yes --with-default-libstdcxx-abi=new --enable-gnu-unique-object --disable-vtable-verify --enable-libmpx --enable-plugin --enable-default-pie --with-system-zlib --with-target-system-zlib=auto --enable-objc-gc=auto --enable-multiarch --disable-werror --with-arch-32=i686 --with-abi=m64 --with-multilib-list=m32 m64 mx32 --enable-multilib --with-tune=generic --enable-offload-targets=nvptx-none --without-cuda-driver --enable-checking=release --build=x86_64-linux-gnu --host=x86_64-linux-gnu --target=x86_64-linux-gnu]
  ignore line: [Thread model: posix]
  ignore line: [gcc version 8.4.0 (Ubuntu 8.4.0-3ubuntu2) ]
  ignore line: [COLLECT_GCC_OPTIONS='-v' '-o' 'CMakeFiles/cmTC_5d7c8.dir/CMakeCCompilerABI.c.o' '-c' '-mtune=generic' '-march=x86-64']
  ignore line: [ /usr/lib/gcc/x86_64-linux-gnu/8/cc1 -quiet -v -imultiarch x86_64-linux-gnu /usr/share/cmake-3.16/Modules/CMakeCCompilerABI.c -quiet -dumpbase CMakeCCompilerABI.c -mtune=generic -march=x86-64 -auxbase-strip CMakeFiles/cmTC_5d7c8.dir/CMakeCCompilerABI.c.o -version -fasynchronous-unwind-tables -fstack-protector-strong -Wformat -Wformat-security -fstack-clash-protection -fcf-protection -o /tmp/ccOf8Ljm.s]
  ignore line: [GNU C17 (Ubuntu 8.4.0-3ubuntu2) version 8.4.0 (x86_64-linux-gnu)]
  ignore line: [	compiled by GNU C version 8.4.0  GMP version 6.2.0  MPFR version 4.0.2  MPC version 1.1.0  isl version isl-0.22.1-GMP]
  ignore line: []
  ignore line: [GGC heuristics: --param ggc-min-expand=100 --param ggc-min-heapsize=131072]
  ignore line: [ignoring nonexistent directory "/usr/local/include/x86_64-linux-gnu"]
  ignore line: [ignoring nonexistent directory "/usr/lib/gcc/x86_64-linux-gnu/8/include-fixed"]
  ignore line: [ignoring nonexistent directory "/usr/lib/gcc/x86_64-linux-gnu/8/../../../../x86_64-linux-gnu/include"]
  ignore line: [ignoring duplicate directory "/home/dhem/intel/compilers_and_libraries_2020.0.166/linux/tbb/include"]
  ignore line: [ignoring duplicate directory "/home/dhem/intel/compilers_and_libraries_2020.0.166/linux/mkl/include"]
  ignore line: [#include "..." search starts here:]
  ignore line: [#include <...> search starts here:]
  ignore line: [ /home/dhem/intel/compilers_and_libraries_2020.0.166/linux/ipp/include]
  ignore line: [ /home/dhem/intel/compilers_and_libraries_2020.0.166/linux/mkl/include]
  ignore line: [ /home/dhem/intel/compilers_and_libraries_2020.0.166/linux/pstl/include]
  ignore line: [ /home/dhem/intel/compilers_and_libraries_2020.0.166/linux/pstl/stdlib]
  ignore line: [ /home/dhem/intel/compilers_and_libraries_2020.0.166/linux/tbb/include]
  ignore line: [ /home/dhem/intel/compilers_and_libraries_2020.0.166/linux/daal/include]
  ignore line: [ /usr/lib/gcc/x86_64-linux-gnu/8/include]
  ignore line: [ /usr/local/include]
  ignore line: [ /usr/include/x86_64-linux-gnu]
  ignore line: [ /usr/include]
  ignore line: [End of search list.]
  ignore line: [GNU C17 (Ubuntu 8.4.0-3ubuntu2) version 8.4.0 (x86_64-linux-gnu)]
  ignore line: [	compiled by GNU C version 8.4.0  GMP version 6.2.0  MPFR version 4.0.2  MPC version 1.1.0  isl version isl-0.22.1-GMP]
  ignore line: []
  ignore line: [GGC heuristics: --param ggc-min-expand=100 --param ggc-min-heapsize=131072]
  ignore line: [Compiler executable checksum: 72ca2f61babeb977fcf7485cc9c3fa79]
  ignore line: [COLLECT_GCC_OPTIONS='-v' '-o' 'CMakeFiles/cmTC_5d7c8.dir/CMakeCCompilerABI.c.o' '-c' '-mtune=generic' '-march=x86-64']
  ignore line: [ as -v --64 -o CMakeFiles/cmTC_5d7c8.dir/CMakeCCompilerABI.c.o /tmp/ccOf8Ljm.s]
  ignore line: [GNU assembler version 2.34 (x86_64-linux-gnu) using BFD version (GNU Binutils for Ubuntu) 2.34]
  ignore line: [COMPILER_PATH=/usr/lib/gcc/x86_64-linux-gnu/8/:/usr/lib/gcc/x86_64-linux-gnu/8/:/usr/lib/gcc/x86_64-linux-gnu/:/usr/lib/gcc/x86_64-linux-gnu/8/:/usr/lib/gcc/x86_64-linux-gnu/]
  ignore line: [LIBRARY_PATH=/home/dhem/intel/compilers_and_libraries_2020.0.166/linux/mpi/intel64/libfabric/lib/../lib/:/usr/lib/gcc/x86_64-linux-gnu/8/:/usr/lib/gcc/x86_64-linux-gnu/8/../../../x86_64-linux-gnu/:/usr/lib/gcc/x86_64-linux-gnu/8/../../../../lib/:/lib/x86_64-linux-gnu/:/lib/../lib/:/usr/lib/x86_64-linux-gnu/:/usr/lib/../lib/:/home/dhem/intel/compilers_and_libraries_2020.0.166/linux/mpi/intel64/libfabric/lib/:/home/dhem/intel/compilers_and_libraries_2020.0.166/linux/ipp/lib/intel64/:/home/dhem/intel/compilers_and_libraries_2020.0.166/linux/compiler/lib/intel64_lin/:/home/dhem/intel/compilers_and_libraries_2020.0.166/linux/mkl/lib/intel64_lin/:/home/dhem/intel/compilers_and_libraries_2020.0.166/linux/tbb/lib/intel64/gcc4.8/:/home/dhem/intel/compilers_and_libraries_2020.0.166/linux/tbb/lib/intel64/gcc4.8/:/home/dhem/intel/compilers_and_libraries_2020.0.166/linux/daal/lib/intel64_lin/:/home/dhem/intel/compilers_and_libraries_2020.0.166/linux/daal/../tbb/lib/intel64_lin/gcc4.8/:/home/dhem/intel/compilers_and_libraries_2020.0.166/linux/compiler/lib/intel64_lin/:/home/dhem/intel/compilers_and_libraries_2020.0.166/linux/mkl/lib/intel64_lin/:/usr/lib/gcc/x86_64-linux-gnu/8/../../../:/lib/:/usr/lib/]
  ignore line: [COLLECT_GCC_OPTIONS='-v' '-o' 'CMakeFiles/cmTC_5d7c8.dir/CMakeCCompilerABI.c.o' '-c' '-mtune=generic' '-march=x86-64']
  ignore line: [Linking C executable cmTC_5d7c8]
  ignore line: [/usr/bin/cmake -E cmake_link_script CMakeFiles/cmTC_5d7c8.dir/link.txt --verbose=1]
  ignore line: [/usr/bin/cc     -v -rdynamic CMakeFiles/cmTC_5d7c8.dir/CMakeCCompilerABI.c.o  -o cmTC_5d7c8 ]
  ignore line: [Using built-in specs.]
  ignore line: [COLLECT_GCC=/usr/bin/cc]
  ignore line: [COLLECT_LTO_WRAPPER=/usr/lib/gcc/x86_64-linux-gnu/8/lto-wrapper]
  ignore line: [OFFLOAD_TARGET_NAMES=nvptx-none]
  ignore line: [OFFLOAD_TARGET_DEFAULT=1]
  ignore line: [Target: x86_64-linux-gnu]
  ignore line: [Configured with: ../src/configure -v --with-pkgversion='Ubuntu 8.4.0-3ubuntu2' --with-bugurl=file:///usr/share/doc/gcc-8/README.Bugs --enable-languages=c ada c++ go brig d fortran objc obj-c++ --prefix=/usr --with-gcc-major-version-only --program-suffix=-8 --program-prefix=x86_64-linux-gnu- --enable-shared --enable-linker-build-id --libexecdir=/usr/lib --without-included-gettext --enable-threads=posix --libdir=/usr/lib --enable-nls --enable-bootstrap --enable-clocale=gnu --enable-libstdcxx-debug --enable-libstdcxx-time=yes --with-default-libstdcxx-abi=new --enable-gnu-unique-object --disable-vtable-verify --enable-libmpx --enable-plugin --enable-default-pie --with-system-zlib --with-target-system-zlib=auto --enable-objc-gc=auto --enable-multiarch --disable-werror --with-arch-32=i686 --with-abi=m64 --with-multilib-list=m32 m64 mx32 --enable-multilib --with-tune=generic --enable-offload-targets=nvptx-none --without-cuda-driver --enable-checking=release --build=x86_64-linux-gnu --host=x86_64-linux-gnu --target=x86_64-linux-gnu]
  ignore line: [Thread model: posix]
  ignore line: [gcc version 8.4.0 (Ubuntu 8.4.0-3ubuntu2) ]
  ignore line: [COMPILER_PATH=/usr/lib/gcc/x86_64-linux-gnu/8/:/usr/lib/gcc/x86_64-linux-gnu/8/:/usr/lib/gcc/x86_64-linux-gnu/:/usr/lib/gcc/x86_64-linux-gnu/8/:/usr/lib/gcc/x86_64-linux-gnu/]
  ignore line: [LIBRARY_PATH=/home/dhem/intel/compilers_and_libraries_2020.0.166/linux/mpi/intel64/libfabric/lib/../lib/:/usr/lib/gcc/x86_64-linux-gnu/8/:/usr/lib/gcc/x86_64-linux-gnu/8/../../../x86_64-linux-gnu/:/usr/lib/gcc/x86_64-linux-gnu/8/../../../../lib/:/lib/x86_64-linux-gnu/:/lib/../lib/:/usr/lib/x86_64-linux-gnu/:/usr/lib/../lib/:/home/dhem/intel/compilers_and_libraries_2020.0.166/linux/mpi/intel64/libfabric/lib/:/home/dhem/intel/compilers_and_libraries_2020.0.166/linux/ipp/lib/intel64/:/home/dhem/intel/compilers_and_libraries_2020.0.166/linux/compiler/lib/intel64_lin/:/home/dhem/intel/compilers_and_libraries_2020.0.166/linux/mkl/lib/intel64_lin/:/home/dhem/intel/compilers_and_libraries_2020.0.166/linux/tbb/lib/intel64/gcc4.8/:/home/dhem/intel/compilers_and_libraries_2020.0.166/linux/tbb/lib/intel64/gcc4.8/:/home/dhem/intel/compilers_and_libraries_2020.0.166/linux/daal/lib/intel64_lin/:/home/dhem/intel/compilers_and_libraries_2020.0.166/linux/daal/../tbb/lib/intel64_lin/gcc4.8/:/home/dhem/intel/compilers_and_libraries_2020.0.166/linux/compiler/lib/intel64_lin/:/home/dhem/intel/compilers_and_libraries_2020.0.166/linux/mkl/lib/intel64_lin/:/usr/lib/gcc/x86_64-linux-gnu/8/../../../:/lib/:/usr/lib/]
  ignore line: [COLLECT_GCC_OPTIONS='-v' '-rdynamic' '-o' 'cmTC_5d7c8' '-mtune=generic' '-march=x86-64']
  link line: [ /usr/lib/gcc/x86_64-linux-gnu/8/collect2 -plugin /usr/lib/gcc/x86_64-linux-gnu/8/liblto_plugin.so -plugin-opt=/usr/lib/gcc/x86_64-linux-gnu/8/lto-wrapper -plugin-opt=-fresolution=/tmp/ccazIBaQ.res -plugin-opt=-pass-through=-lgcc -plugin-opt=-pass-through=-lgcc_s -plugin-opt=-pass-through=-lc -plugin-opt=-pass-through=-lgcc -plugin-opt=-pass-through=-lgcc_s --build-id --eh-frame-hdr -m elf_x86_64 --hash-style=gnu --as-needed -export-dynamic -dynamic-linker /lib64/ld-linux-x86-64.so.2 -pie -z now -z relro -o cmTC_5d7c8 /usr/lib/gcc/x86_64-linux-gnu/8/../../../x86_64-linux-gnu/Scrt1.o /usr/lib/gcc/x86_64-linux-gnu/8/../../../x86_64-linux-gnu/crti.o /usr/lib/gcc/x86_64-linux-gnu/8/crtbeginS.o -L/home/dhem/intel/compilers_and_libraries_2020.0.166/linux/mpi/intel64/libfabric/lib/../lib -L/usr/lib/gcc/x86_64-linux-gnu/8 -L/usr/lib/gcc/x86_64-linux-gnu/8/../../../x86_64-linux-gnu -L/usr/lib/gcc/x86_64-linux-gnu/8/../../../../lib -L/lib/x86_64-linux-gnu -L/lib/../lib -L/usr/lib/x86_64-linux-gnu -L/usr/lib/../lib -L/home/dhem/intel/compilers_and_libraries_2020.0.166/linux/mpi/intel64/libfabric/lib -L/home/dhem/intel/compilers_and_libraries_2020.0.166/linux/ipp/lib/intel64 -L/home/dhem/intel/compilers_and_libraries_2020.0.166/linux/compiler/lib/intel64_lin -L/home/dhem/intel/compilers_and_libraries_2020.0.166/linux/mkl/lib/intel64_lin -L/home/dhem/intel/compilers_and_libraries_2020.0.166/linux/tbb/lib/intel64/gcc4.8 -L/home/dhem/intel/compilers_and_libraries_2020.0.166/linux/tbb/lib/intel64/gcc4.8 -L/home/dhem/intel/compilers_and_libraries_2020.0.166/linux/daal/lib/intel64_lin -L/home/dhem/intel/compilers_and_libraries_2020.0.166/linux/daal/../tbb/lib/intel64_lin/gcc4.8 -L/home/dhem/intel/compilers_and_libraries_2020.0.166/linux/compiler/lib/intel64_lin -L/home/dhem/intel/compilers_and_libraries_2020.0.166/linux/mkl/lib/intel64_lin -L/usr/lib/gcc/x86_64-linux-gnu/8/../../.. CMakeFiles/cmTC_5d7c8.dir/CMakeCCompilerABI.c.o -lgcc --push-state --as-needed -lgcc_s --pop-state -lc -lgcc --push-state --as-needed -lgcc_s --pop-state /usr/lib/gcc/x86_64-linux-gnu/8/crtendS.o /usr/lib/gcc/x86_64-linux-gnu/8/../../../x86_64-linux-gnu/crtn.o]
    arg [/usr/lib/gcc/x86_64-linux-gnu/8/collect2] ==> ignore
    arg [-plugin] ==> ignore
    arg [/usr/lib/gcc/x86_64-linux-gnu/8/liblto_plugin.so] ==> ignore
    arg [-plugin-opt=/usr/lib/gcc/x86_64-linux-gnu/8/lto-wrapper] ==> ignore
    arg [-plugin-opt=-fresolution=/tmp/ccazIBaQ.res] ==> ignore
    arg [-plugin-opt=-pass-through=-lgcc] ==> ignore
    arg [-plugin-opt=-pass-through=-lgcc_s] ==> ignore
    arg [-plugin-opt=-pass-through=-lc] ==> ignore
    arg [-plugin-opt=-pass-through=-lgcc] ==> ignore
    arg [-plugin-opt=-pass-through=-lgcc_s] ==> ignore
    arg [--build-id] ==> ignore
    arg [--eh-frame-hdr] ==> ignore
    arg [-m] ==> ignore
    arg [elf_x86_64] ==> ignore
    arg [--hash-style=gnu] ==> ignore
    arg [--as-needed] ==> ignore
    arg [-export-dynamic] ==> ignore
    arg [-dynamic-linker] ==> ignore
    arg [/lib64/ld-linux-x86-64.so.2] ==> ignore
    arg [-pie] ==> ignore
    arg [-znow] ==> ignore
    arg [-zrelro] ==> ignore
    arg [-o] ==> ignore
    arg [cmTC_5d7c8] ==> ignore
    arg [/usr/lib/gcc/x86_64-linux-gnu/8/../../../x86_64-linux-gnu/Scrt1.o] ==> ignore
    arg [/usr/lib/gcc/x86_64-linux-gnu/8/../../../x86_64-linux-gnu/crti.o] ==> ignore
    arg [/usr/lib/gcc/x86_64-linux-gnu/8/crtbeginS.o] ==> ignore
    arg [-L/home/dhem/intel/compilers_and_libraries_2020.0.166/linux/mpi/intel64/libfabric/lib/../lib] ==> dir [/home/dhem/intel/compilers_and_libraries_2020.0.166/linux/mpi/intel64/libfabric/lib/../lib]
    arg [-L/usr/lib/gcc/x86_64-linux-gnu/8] ==> dir [/usr/lib/gcc/x86_64-linux-gnu/8]
    arg [-L/usr/lib/gcc/x86_64-linux-gnu/8/../../../x86_64-linux-gnu] ==> dir [/usr/lib/gcc/x86_64-linux-gnu/8/../../../x86_64-linux-gnu]
    arg [-L/usr/lib/gcc/x86_64-linux-gnu/8/../../../../lib] ==> dir [/usr/lib/gcc/x86_64-linux-gnu/8/../../../../lib]
    arg [-L/lib/x86_64-linux-gnu] ==> dir [/lib/x86_64-linux-gnu]
    arg [-L/lib/../lib] ==> dir [/lib/../lib]
    arg [-L/usr/lib/x86_64-linux-gnu] ==> dir [/usr/lib/x86_64-linux-gnu]
    arg [-L/usr/lib/../lib] ==> dir [/usr/lib/../lib]
    arg [-L/home/dhem/intel/compilers_and_libraries_2020.0.166/linux/mpi/intel64/libfabric/lib] ==> dir [/home/dhem/intel/compilers_and_libraries_2020.0.166/linux/mpi/intel64/libfabric/lib]
    arg [-L/home/dhem/intel/compilers_and_libraries_2020.0.166/linux/ipp/lib/intel64] ==> dir [/home/dhem/intel/compilers_and_libraries_2020.0.166/linux/ipp/lib/intel64]
    arg [-L/home/dhem/intel/compilers_and_libraries_2020.0.166/linux/compiler/lib/intel64_lin] ==> dir [/home/dhem/intel/compilers_and_libraries_2020.0.166/linux/compiler/lib/intel64_lin]
    arg [-L/home/dhem/intel/compilers_and_libraries_2020.0.166/linux/mkl/lib/intel64_lin] ==> dir [/home/dhem/intel/compilers_and_libraries_2020.0.166/linux/mkl/lib/intel64_lin]
    arg [-L/home/dhem/intel/compilers_and_libraries_2020.0.166/linux/tbb/lib/intel64/gcc4.8] ==> dir [/home/dhem/intel/compilers_and_libraries_2020.0.166/linux/tbb/lib/intel64/gcc4.8]
    arg [-L/home/dhem/intel/compilers_and_libraries_2020.0.166/linux/tbb/lib/intel64/gcc4.8] ==> dir [/home/dhem/intel/compilers_and_libraries_2020.0.166/linux/tbb/lib/intel64/gcc4.8]
    arg [-L/home/dhem/intel/compilers_and_libraries_2020.0.166/linux/daal/lib/intel64_lin] ==> dir [/home/dhem/intel/compilers_and_libraries_2020.0.166/linux/daal/lib/intel64_lin]
    arg [-L/home/dhem/intel/compilers_and_libraries_2020.0.166/linux/daal/../tbb/lib/intel64_lin/gcc4.8] ==> dir [/home/dhem/intel/compilers_and_libraries_2020.0.166/linux/daal/../tbb/lib/intel64_lin/gcc4.8]
    arg [-L/home/dhem/intel/compilers_and_libraries_2020.0.166/linux/compiler/lib/intel64_lin] ==> dir [/home/dhem/intel/compilers_and_libraries_2020.0.166/linux/compiler/lib/intel64_lin]
    arg [-L/home/dhem/intel/compilers_and_libraries_2020.0.166/linux/mkl/lib/intel64_lin] ==> dir [/home/dhem/intel/compilers_and_libraries_2020.0.166/linux/mkl/lib/intel64_lin]
    arg [-L/usr/lib/gcc/x86_64-linux-gnu/8/../../..] ==> dir [/usr/lib/gcc/x86_64-linux-gnu/8/../../..]
    arg [CMakeFiles/cmTC_5d7c8.dir/CMakeCCompilerABI.c.o] ==> ignore
    arg [-lgcc] ==> lib [gcc]
    arg [--push-state] ==> ignore
    arg [--as-needed] ==> ignore
    arg [-lgcc_s] ==> lib [gcc_s]
    arg [--pop-state] ==> ignore
    arg [-lc] ==> lib [c]
    arg [-lgcc] ==> lib [gcc]
    arg [--push-state] ==> ignore
    arg [--as-needed] ==> ignore
    arg [-lgcc_s] ==> lib [gcc_s]
    arg [--pop-state] ==> ignore
    arg [/usr/lib/gcc/x86_64-linux-gnu/8/crtendS.o] ==> ignore
    arg [/usr/lib/gcc/x86_64-linux-gnu/8/../../../x86_64-linux-gnu/crtn.o] ==> ignore
  collapse library dir [/home/dhem/intel/compilers_and_libraries_2020.0.166/linux/mpi/intel64/libfabric/lib/../lib] ==> [/home/dhem/intel/compilers_and_libraries_2020.0.166/linux/mpi/intel64/libfabric/lib]
  collapse library dir [/usr/lib/gcc/x86_64-linux-gnu/8] ==> [/usr/lib/gcc/x86_64-linux-gnu/8]
  collapse library dir [/usr/lib/gcc/x86_64-linux-gnu/8/../../../x86_64-linux-gnu] ==> [/usr/lib/x86_64-linux-gnu]
  collapse library dir [/usr/lib/gcc/x86_64-linux-gnu/8/../../../../lib] ==> [/usr/lib]
  collapse library dir [/lib/x86_64-linux-gnu] ==> [/lib/x86_64-linux-gnu]
  collapse library dir [/lib/../lib] ==> [/lib]
  collapse library dir [/usr/lib/x86_64-linux-gnu] ==> [/usr/lib/x86_64-linux-gnu]
  collapse library dir [/usr/lib/../lib] ==> [/usr/lib]
  collapse library dir [/home/dhem/intel/compilers_and_libraries_2020.0.166/linux/mpi/intel64/libfabric/lib] ==> [/home/dhem/intel/compilers_and_libraries_2020.0.166/linux/mpi/intel64/libfabric/lib]
  collapse library dir [/home/dhem/intel/compilers_and_libraries_2020.0.166/linux/ipp/lib/intel64] ==> [/home/dhem/intel/compilers_and_libraries_2020.0.166/linux/ipp/lib/intel64]
  collapse library dir [/home/dhem/intel/compilers_and_libraries_2020.0.166/linux/compiler/lib/intel64_lin] ==> [/home/dhem/intel/compilers_and_libraries_2020.0.166/linux/compiler/lib/intel64_lin]
  collapse library dir [/home/dhem/intel/compilers_and_libraries_2020.0.166/linux/mkl/lib/intel64_lin] ==> [/home/dhem/intel/compilers_and_libraries_2020.0.166/linux/mkl/lib/intel64_lin]
  collapse library dir [/home/dhem/intel/compilers_and_libraries_2020.0.166/linux/tbb/lib/intel64/gcc4.8] ==> [/home/dhem/intel/compilers_and_libraries_2020.0.166/linux/tbb/lib/intel64/gcc4.8]
  collapse library dir [/home/dhem/intel/compilers_and_libraries_2020.0.166/linux/tbb/lib/intel64/gcc4.8] ==> [/home/dhem/intel/compilers_and_libraries_2020.0.166/linux/tbb/lib/intel64/gcc4.8]
  collapse library dir [/home/dhem/intel/compilers_and_libraries_2020.0.166/linux/daal/lib/intel64_lin] ==> [/home/dhem/intel/compilers_and_libraries_2020.0.166/linux/daal/lib/intel64_lin]
  collapse library dir [/home/dhem/intel/compilers_and_libraries_2020.0.166/linux/daal/../tbb/lib/intel64_lin/gcc4.8] ==> [/home/dhem/intel/compilers_and_libraries_2020.0.166/linux/tbb/lib/intel64_lin/gcc4.8]
  collapse library dir [/home/dhem/intel/compilers_and_libraries_2020.0.166/linux/compiler/lib/intel64_lin] ==> [/home/dhem/intel/compilers_and_libraries_2020.0.166/linux/compiler/lib/intel64_lin]
  collapse library dir [/home/dhem/intel/compilers_and_libraries_2020.0.166/linux/mkl/lib/intel64_lin] ==> [/home/dhem/intel/compilers_and_libraries_2020.0.166/linux/mkl/lib/intel64_lin]
  collapse library dir [/usr/lib/gcc/x86_64-linux-gnu/8/../../..] ==> [/usr/lib]
  implicit libs: [gcc;gcc_s;c;gcc;gcc_s]
  implicit dirs: [/home/dhem/intel/compilers_and_libraries_2020.0.166/linux/mpi/intel64/libfabric/lib;/usr/lib/gcc/x86_64-linux-gnu/8;/usr/lib/x86_64-linux-gnu;/usr/lib;/lib/x86_64-linux-gnu;/lib;/home/dhem/intel/compilers_and_libraries_2020.0.166/linux/ipp/lib/intel64;/home/dhem/intel/compilers_and_libraries_2020.0.166/linux/compiler/lib/intel64_lin;/home/dhem/intel/compilers_and_libraries_2020.0.166/linux/mkl/lib/intel64_lin;/home/dhem/intel/compilers_and_libraries_2020.0.166/linux/tbb/lib/intel64/gcc4.8;/home/dhem/intel/compilers_and_libraries_2020.0.166/linux/daal/lib/intel64_lin;/home/dhem/intel/compilers_and_libraries_2020.0.166/linux/tbb/lib/intel64_lin/gcc4.8]
  implicit fwks: []


Determining if the CXX compiler works passed with the following output:
Change Dir: /home/dhem/deom_git/HASSIM/b/CMakeFiles/CMakeTmp

Run Build Command(s):/usr/bin/make cmTC_3de56/fast && /usr/bin/make -f CMakeFiles/cmTC_3de56.dir/build.make CMakeFiles/cmTC_3de56.dir/build
make[1]: Entering directory '/home/dhem/deom_git/HASSIM/b/CMakeFiles/CMakeTmp'
Building CXX object CMakeFiles/cmTC_3de56.dir/testCXXCompiler.cxx.o
/usr/bin/c++     -o CMakeFiles/cmTC_3de56.dir/testCXXCompiler.cxx.o -c /home/dhem/deom_git/HASSIM/b/CMakeFiles/CMakeTmp/testCXXCompiler.cxx
Linking CXX executable cmTC_3de56
/usr/bin/cmake -E cmake_link_script CMakeFiles/cmTC_3de56.dir/link.txt --verbose=1
/usr/bin/c++       -rdynamic CMakeFiles/cmTC_3de56.dir/testCXXCompiler.cxx.o  -o cmTC_3de56 
make[1]: Leaving directory '/home/dhem/deom_git/HASSIM/b/CMakeFiles/CMakeTmp'



Detecting CXX compiler ABI info compiled with the following output:
Change Dir: /home/dhem/deom_git/HASSIM/b/CMakeFiles/CMakeTmp

Run Build Command(s):/usr/bin/make cmTC_4d24c/fast && /usr/bin/make -f CMakeFiles/cmTC_4d24c.dir/build.make CMakeFiles/cmTC_4d24c.dir/build
make[1]: Entering directory '/home/dhem/deom_git/HASSIM/b/CMakeFiles/CMakeTmp'
Building CXX object CMakeFiles/cmTC_4d24c.dir/CMakeCXXCompilerABI.cpp.o
/usr/bin/c++    -v -o CMakeFiles/cmTC_4d24c.dir/CMakeCXXCompilerABI.cpp.o -c /usr/share/cmake-3.16/Modules/CMakeCXXCompilerABI.cpp
Using built-in specs.
COLLECT_GCC=/usr/bin/c++
OFFLOAD_TARGET_NAMES=nvptx-none
OFFLOAD_TARGET_DEFAULT=1
Target: x86_64-linux-gnu
Configured with: ../src/configure -v --with-pkgversion='Ubuntu 8.4.0-3ubuntu2' --with-bugurl=file:///usr/share/doc/gcc-8/README.Bugs --enable-languages=c,ada,c++,go,brig,d,fortran,objc,obj-c++ --prefix=/usr --with-gcc-major-version-only --program-suffix=-8 --program-prefix=x86_64-linux-gnu- --enable-shared --enable-linker-build-id --libexecdir=/usr/lib --without-included-gettext --enable-threads=posix --libdir=/usr/lib --enable-nls --enable-bootstrap --enable-clocale=gnu --enable-libstdcxx-debug --enable-libstdcxx-time=yes --with-default-libstdcxx-abi=new --enable-gnu-unique-object --disable-vtable-verify --enable-libmpx --enable-plugin --enable-default-pie --with-system-zlib --with-target-system-zlib=auto --enable-objc-gc=auto --enable-multiarch --disable-werror --with-arch-32=i686 --with-abi=m64 --with-multilib-list=m32,m64,mx32 --enable-multilib --with-tune=generic --enable-offload-targets=nvptx-none --without-cuda-driver --enable-checking=release --build=x86_64-linux-gnu --host=x86_64-linux-gnu --target=x86_64-linux-gnu
Thread model: posix
gcc version 8.4.0 (Ubuntu 8.4.0-3ubuntu2) 
COLLECT_GCC_OPTIONS='-v' '-o' 'CMakeFiles/cmTC_4d24c.dir/CMakeCXXCompilerABI.cpp.o' '-c' '-shared-libgcc' '-mtune=generic' '-march=x86-64'
 /usr/lib/gcc/x86_64-linux-gnu/8/cc1plus -quiet -v -imultiarch x86_64-linux-gnu -D_GNU_SOURCE /usr/share/cmake-3.16/Modules/CMakeCXXCompilerABI.cpp -quiet -dumpbase CMakeCXXCompilerABI.cpp -mtune=generic -march=x86-64 -auxbase-strip CMakeFiles/cmTC_4d24c.dir/CMakeCXXCompilerABI.cpp.o -version -fasynchronous-unwind-tables -fstack-protector-strong -Wformat -Wformat-security -fstack-clash-protection -fcf-protection -o /tmp/ccOp9oNj.s
GNU C++14 (Ubuntu 8.4.0-3ubuntu2) version 8.4.0 (x86_64-linux-gnu)
	compiled by GNU C version 8.4.0, GMP version 6.2.0, MPFR version 4.0.2, MPC version 1.1.0, isl version isl-0.22.1-GMP

GGC heuristics: --param ggc-min-expand=100 --param ggc-min-heapsize=131072
ignoring duplicate directory "/usr/include/x86_64-linux-gnu/c++/8"
ignoring duplicate directory "/usr/include/x86_64-linux-gnu/c++/8"
ignoring nonexistent directory "/usr/local/include/x86_64-linux-gnu"
ignoring nonexistent directory "/usr/lib/gcc/x86_64-linux-gnu/8/include-fixed"
ignoring nonexistent directory "/usr/lib/gcc/x86_64-linux-gnu/8/../../../../x86_64-linux-gnu/include"
ignoring duplicate directory "/home/dhem/intel/compilers_and_libraries_2020.0.166/linux/tbb/include"
ignoring duplicate directory "/home/dhem/intel/compilers_and_libraries_2020.0.166/linux/mkl/include"
#include "..." search starts here:
#include <...> search starts here:
 /home/dhem/intel/compilers_and_libraries_2020.0.166/linux/ipp/include
 /home/dhem/intel/compilers_and_libraries_2020.0.166/linux/mkl/include
 /home/dhem/intel/compilers_and_libraries_2020.0.166/linux/pstl/include
 /home/dhem/intel/compilers_and_libraries_2020.0.166/linux/pstl/stdlib
 /home/dhem/intel/compilers_and_libraries_2020.0.166/linux/tbb/include
 /home/dhem/intel/compilers_and_libraries_2020.0.166/linux/daal/include
 .
 /usr/include/x86_64-linux-gnu/c++/8/
 /usr/include/c++/8
 /usr/include/c++/8/backward
 /usr/lib/gcc/x86_64-linux-gnu/8/include
 /usr/local/include
 /usr/include/x86_64-linux-gnu
 /usr/include
End of search list.
GNU C++14 (Ubuntu 8.4.0-3ubuntu2) version 8.4.0 (x86_64-linux-gnu)
	compiled by GNU C version 8.4.0, GMP version 6.2.0, MPFR version 4.0.2, MPC version 1.1.0, isl version isl-0.22.1-GMP

GGC heuristics: --param ggc-min-expand=100 --param ggc-min-heapsize=131072
Compiler executable checksum: 7f898f3e7c9bafa983b4c472f0e6877a
COLLECT_GCC_OPTIONS='-v' '-o' 'CMakeFiles/cmTC_4d24c.dir/CMakeCXXCompilerABI.cpp.o' '-c' '-shared-libgcc' '-mtune=generic' '-march=x86-64'
 as -v --64 -o CMakeFiles/cmTC_4d24c.dir/CMakeCXXCompilerABI.cpp.o /tmp/ccOp9oNj.s
GNU assembler version 2.34 (x86_64-linux-gnu) using BFD version (GNU Binutils for Ubuntu) 2.34
COMPILER_PATH=/usr/lib/gcc/x86_64-linux-gnu/8/:/usr/lib/gcc/x86_64-linux-gnu/8/:/usr/lib/gcc/x86_64-linux-gnu/:/usr/lib/gcc/x86_64-linux-gnu/8/:/usr/lib/gcc/x86_64-linux-gnu/
LIBRARY_PATH=/home/dhem/intel/compilers_and_libraries_2020.0.166/linux/mpi/intel64/libfabric/lib/../lib/:/usr/lib/gcc/x86_64-linux-gnu/8/:/usr/lib/gcc/x86_64-linux-gnu/8/../../../x86_64-linux-gnu/:/usr/lib/gcc/x86_64-linux-gnu/8/../../../../lib/:/lib/x86_64-linux-gnu/:/lib/../lib/:/usr/lib/x86_64-linux-gnu/:/usr/lib/../lib/:/home/dhem/intel/compilers_and_libraries_2020.0.166/linux/mpi/intel64/libfabric/lib/:/home/dhem/intel/compilers_and_libraries_2020.0.166/linux/ipp/lib/intel64/:/home/dhem/intel/compilers_and_libraries_2020.0.166/linux/compiler/lib/intel64_lin/:/home/dhem/intel/compilers_and_libraries_2020.0.166/linux/mkl/lib/intel64_lin/:/home/dhem/intel/compilers_and_libraries_2020.0.166/linux/tbb/lib/intel64/gcc4.8/:/home/dhem/intel/compilers_and_libraries_2020.0.166/linux/tbb/lib/intel64/gcc4.8/:/home/dhem/intel/compilers_and_libraries_2020.0.166/linux/daal/lib/intel64_lin/:/home/dhem/intel/compilers_and_libraries_2020.0.166/linux/daal/../tbb/lib/intel64_lin/gcc4.8/:/home/dhem/intel/compilers_and_libraries_2020.0.166/linux/compiler/lib/intel64_lin/:/home/dhem/intel/compilers_and_libraries_2020.0.166/linux/mkl/lib/intel64_lin/:/usr/lib/gcc/x86_64-linux-gnu/8/../../../:/lib/:/usr/lib/
COLLECT_GCC_OPTIONS='-v' '-o' 'CMakeFiles/cmTC_4d24c.dir/CMakeCXXCompilerABI.cpp.o' '-c' '-shared-libgcc' '-mtune=generic' '-march=x86-64'
Linking CXX executable cmTC_4d24c
/usr/bin/cmake -E cmake_link_script CMakeFiles/cmTC_4d24c.dir/link.txt --verbose=1
/usr/bin/c++      -v -rdynamic CMakeFiles/cmTC_4d24c.dir/CMakeCXXCompilerABI.cpp.o  -o cmTC_4d24c 
Using built-in specs.
COLLECT_GCC=/usr/bin/c++
COLLECT_LTO_WRAPPER=/usr/lib/gcc/x86_64-linux-gnu/8/lto-wrapper
OFFLOAD_TARGET_NAMES=nvptx-none
OFFLOAD_TARGET_DEFAULT=1
Target: x86_64-linux-gnu
Configured with: ../src/configure -v --with-pkgversion='Ubuntu 8.4.0-3ubuntu2' --with-bugurl=file:///usr/share/doc/gcc-8/README.Bugs --enable-languages=c,ada,c++,go,brig,d,fortran,objc,obj-c++ --prefix=/usr --with-gcc-major-version-only --program-suffix=-8 --program-prefix=x86_64-linux-gnu- --enable-shared --enable-linker-build-id --libexecdir=/usr/lib --without-included-gettext --enable-threads=posix --libdir=/usr/lib --enable-nls --enable-bootstrap --enable-clocale=gnu --enable-libstdcxx-debug --enable-libstdcxx-time=yes --with-default-libstdcxx-abi=new --enable-gnu-unique-object --disable-vtable-verify --enable-libmpx --enable-plugin --enable-default-pie --with-system-zlib --with-target-system-zlib=auto --enable-objc-gc=auto --enable-multiarch --disable-werror --with-arch-32=i686 --with-abi=m64 --with-multilib-list=m32,m64,mx32 --enable-multilib --with-tune=generic --enable-offload-targets=nvptx-none --without-cuda-driver --enable-checking=release --build=x86_64-linux-gnu --host=x86_64-linux-gnu --target=x86_64-linux-gnu
Thread model: posix
gcc version 8.4.0 (Ubuntu 8.4.0-3ubuntu2) 
COMPILER_PATH=/usr/lib/gcc/x86_64-linux-gnu/8/:/usr/lib/gcc/x86_64-linux-gnu/8/:/usr/lib/gcc/x86_64-linux-gnu/:/usr/lib/gcc/x86_64-linux-gnu/8/:/usr/lib/gcc/x86_64-linux-gnu/
LIBRARY_PATH=/home/dhem/intel/compilers_and_libraries_2020.0.166/linux/mpi/intel64/libfabric/lib/../lib/:/usr/lib/gcc/x86_64-linux-gnu/8/:/usr/lib/gcc/x86_64-linux-gnu/8/../../../x86_64-linux-gnu/:/usr/lib/gcc/x86_64-linux-gnu/8/../../../../lib/:/lib/x86_64-linux-gnu/:/lib/../lib/:/usr/lib/x86_64-linux-gnu/:/usr/lib/../lib/:/home/dhem/intel/compilers_and_libraries_2020.0.166/linux/mpi/intel64/libfabric/lib/:/home/dhem/intel/compilers_and_libraries_2020.0.166/linux/ipp/lib/intel64/:/home/dhem/intel/compilers_and_libraries_2020.0.166/linux/compiler/lib/intel64_lin/:/home/dhem/intel/compilers_and_libraries_2020.0.166/linux/mkl/lib/intel64_lin/:/home/dhem/intel/compilers_and_libraries_2020.0.166/linux/tbb/lib/intel64/gcc4.8/:/home/dhem/intel/compilers_and_libraries_2020.0.166/linux/tbb/lib/intel64/gcc4.8/:/home/dhem/intel/compilers_and_libraries_2020.0.166/linux/daal/lib/intel64_lin/:/home/dhem/intel/compilers_and_libraries_2020.0.166/linux/daal/../tbb/lib/intel64_lin/gcc4.8/:/home/dhem/intel/compilers_and_libraries_2020.0.166/linux/compiler/lib/intel64_lin/:/home/dhem/intel/compilers_and_libraries_2020.0.166/linux/mkl/lib/intel64_lin/:/usr/lib/gcc/x86_64-linux-gnu/8/../../../:/lib/:/usr/lib/
COLLECT_GCC_OPTIONS='-v' '-rdynamic' '-o' 'cmTC_4d24c' '-shared-libgcc' '-mtune=generic' '-march=x86-64'
 /usr/lib/gcc/x86_64-linux-gnu/8/collect2 -plugin /usr/lib/gcc/x86_64-linux-gnu/8/liblto_plugin.so -plugin-opt=/usr/lib/gcc/x86_64-linux-gnu/8/lto-wrapper -plugin-opt=-fresolution=/tmp/ccrkFNBM.res -plugin-opt=-pass-through=-lgcc_s -plugin-opt=-pass-through=-lgcc -plugin-opt=-pass-through=-lc -plugin-opt=-pass-through=-lgcc_s -plugin-opt=-pass-through=-lgcc --build-id --eh-frame-hdr -m elf_x86_64 --hash-style=gnu --as-needed -export-dynamic -dynamic-linker /lib64/ld-linux-x86-64.so.2 -pie -z now -z relro -o cmTC_4d24c /usr/lib/gcc/x86_64-linux-gnu/8/../../../x86_64-linux-gnu/Scrt1.o /usr/lib/gcc/x86_64-linux-gnu/8/../../../x86_64-linux-gnu/crti.o /usr/lib/gcc/x86_64-linux-gnu/8/crtbeginS.o -L/home/dhem/intel/compilers_and_libraries_2020.0.166/linux/mpi/intel64/libfabric/lib/../lib -L/usr/lib/gcc/x86_64-linux-gnu/8 -L/usr/lib/gcc/x86_64-linux-gnu/8/../../../x86_64-linux-gnu -L/usr/lib/gcc/x86_64-linux-gnu/8/../../../../lib -L/lib/x86_64-linux-gnu -L/lib/../lib -L/usr/lib/x86_64-linux-gnu -L/usr/lib/../lib -L/home/dhem/intel/compilers_and_libraries_2020.0.166/linux/mpi/intel64/libfabric/lib -L/home/dhem/intel/compilers_and_libraries_2020.0.166/linux/ipp/lib/intel64 -L/home/dhem/intel/compilers_and_libraries_2020.0.166/linux/compiler/lib/intel64_lin -L/home/dhem/intel/compilers_and_libraries_2020.0.166/linux/mkl/lib/intel64_lin -L/home/dhem/intel/compilers_and_libraries_2020.0.166/linux/tbb/lib/intel64/gcc4.8 -L/home/dhem/intel/compilers_and_libraries_2020.0.166/linux/tbb/lib/intel64/gcc4.8 -L/home/dhem/intel/compilers_and_libraries_2020.0.166/linux/daal/lib/intel64_lin -L/home/dhem/intel/compilers_and_libraries_2020.0.166/linux/daal/../tbb/lib/intel64_lin/gcc4.8 -L/home/dhem/intel/compilers_and_libraries_2020.0.166/linux/compiler/lib/intel64_lin -L/home/dhem/intel/compilers_and_libraries_2020.0.166/linux/mkl/lib/intel64_lin -L/usr/lib/gcc/x86_64-linux-gnu/8/../../.. CMakeFiles/cmTC_4d24c.dir/CMakeCXXCompilerABI.cpp.o -lstdc++ -lm -lgcc_s -lgcc -lc -lgcc_s -lgcc /usr/lib/gcc/x86_64-linux-gnu/8/crtendS.o /usr/lib/gcc/x86_64-linux-gnu/8/../../../x86_64-linux-gnu/crtn.o
COLLECT_GCC_OPTIONS='-v' '-rdynamic' '-o' 'cmTC_4d24c' '-shared-libgcc' '-mtune=generic' '-march=x86-64'
make[1]: Leaving directory '/home/dhem/deom_git/HASSIM/b/CMakeFiles/CMakeTmp'



Parsed CXX implicit include dir info from above output: rv=done
  found start of include info
  found start of implicit include info
    add: [/home/dhem/intel/compilers_and_libraries_2020.0.166/linux/ipp/include]
    add: [/home/dhem/intel/compilers_and_libraries_2020.0.166/linux/mkl/include]
    add: [/home/dhem/intel/compilers_and_libraries_2020.0.166/linux/pstl/include]
    add: [/home/dhem/intel/compilers_and_libraries_2020.0.166/linux/pstl/stdlib]
    add: [/home/dhem/intel/compilers_and_libraries_2020.0.166/linux/tbb/include]
    add: [/home/dhem/intel/compilers_and_libraries_2020.0.166/linux/daal/include]
    add: [.]
    add: [/usr/include/x86_64-linux-gnu/c++/8/]
    add: [/usr/include/c++/8]
    add: [/usr/include/c++/8/backward]
    add: [/usr/lib/gcc/x86_64-linux-gnu/8/include]
    add: [/usr/local/include]
    add: [/usr/include/x86_64-linux-gnu]
    add: [/usr/include]
  end of search list found
  collapse include dir [/home/dhem/intel/compilers_and_libraries_2020.0.166/linux/ipp/include] ==> [/home/dhem/intel/compilers_and_libraries_2020.0.166/linux/ipp/include]
  collapse include dir [/home/dhem/intel/compilers_and_libraries_2020.0.166/linux/mkl/include] ==> [/home/dhem/intel/compilers_and_libraries_2020.0.166/linux/mkl/include]
  collapse include dir [/home/dhem/intel/compilers_and_libraries_2020.0.166/linux/pstl/include] ==> [/home/dhem/intel/compilers_and_libraries_2020.0.166/linux/pstl/include]
  collapse include dir [/home/dhem/intel/compilers_and_libraries_2020.0.166/linux/pstl/stdlib] ==> [/home/dhem/intel/compilers_and_libraries_2020.0.166/linux/pstl/stdlib]
  collapse include dir [/home/dhem/intel/compilers_and_libraries_2020.0.166/linux/tbb/include] ==> [/home/dhem/intel/compilers_and_libraries_2020.0.166/linux/tbb/include]
  collapse include dir [/home/dhem/intel/compilers_and_libraries_2020.0.166/linux/daal/include] ==> [/home/dhem/intel/compilers_and_libraries_2020.0.166/linux/daal/include]
  skipping relative include dir [.]
  collapse include dir [/usr/include/x86_64-linux-gnu/c++/8/] ==> [/usr/include/x86_64-linux-gnu/c++/8]
  collapse include dir [/usr/include/c++/8] ==> [/usr/include/c++/8]
  collapse include dir [/usr/include/c++/8/backward] ==> [/usr/include/c++/8/backward]
  collapse include dir [/usr/lib/gcc/x86_64-linux-gnu/8/include] ==> [/usr/lib/gcc/x86_64-linux-gnu/8/include]
  collapse include dir [/usr/local/include] ==> [/usr/local/include]
  collapse include dir [/usr/include/x86_64-linux-gnu] ==> [/usr/include/x86_64-linux-gnu]
  collapse include dir [/usr/include] ==> [/usr/include]
  implicit include dirs: [/home/dhem/intel/compilers_and_libraries_2020.0.166/linux/ipp/include;/home/dhem/intel/compilers_and_libraries_2020.0.166/linux/mkl/include;/home/dhem/intel/compilers_and_libraries_2020.0.166/linux/pstl/include;/home/dhem/intel/compilers_and_libraries_2020.0.166/linux/pstl/stdlib;/home/dhem/intel/compilers_and_libraries_2020.0.166/linux/tbb/include;/home/dhem/intel/compilers_and_libraries_2020.0.166/linux/daal/include;/usr/include/x86_64-linux-gnu/c++/8;/usr/include/c++/8;/usr/include/c++/8/backward;/usr/lib/gcc/x86_64-linux-gnu/8/include;/usr/local/include;/usr/include/x86_64-linux-gnu;/usr/include]


Parsed CXX implicit link information from above output:
  link line regex: [^( *|.*[/\])(ld|CMAKE_LINK_STARTFILE-NOTFOUND|([^/\]+-)?ld|collect2)[^/\]*( |$)]
  ignore line: [Change Dir: /home/dhem/deom_git/HASSIM/b/CMakeFiles/CMakeTmp]
  ignore line: []
  ignore line: [Run Build Command(s):/usr/bin/make cmTC_4d24c/fast && /usr/bin/make -f CMakeFiles/cmTC_4d24c.dir/build.make CMakeFiles/cmTC_4d24c.dir/build]
  ignore line: [make[1]: Entering directory '/home/dhem/deom_git/HASSIM/b/CMakeFiles/CMakeTmp']
  ignore line: [Building CXX object CMakeFiles/cmTC_4d24c.dir/CMakeCXXCompilerABI.cpp.o]
  ignore line: [/usr/bin/c++    -v -o CMakeFiles/cmTC_4d24c.dir/CMakeCXXCompilerABI.cpp.o -c /usr/share/cmake-3.16/Modules/CMakeCXXCompilerABI.cpp]
  ignore line: [Using built-in specs.]
  ignore line: [COLLECT_GCC=/usr/bin/c++]
  ignore line: [OFFLOAD_TARGET_NAMES=nvptx-none]
  ignore line: [OFFLOAD_TARGET_DEFAULT=1]
  ignore line: [Target: x86_64-linux-gnu]
  ignore line: [Configured with: ../src/configure -v --with-pkgversion='Ubuntu 8.4.0-3ubuntu2' --with-bugurl=file:///usr/share/doc/gcc-8/README.Bugs --enable-languages=c ada c++ go brig d fortran objc obj-c++ --prefix=/usr --with-gcc-major-version-only --program-suffix=-8 --program-prefix=x86_64-linux-gnu- --enable-shared --enable-linker-build-id --libexecdir=/usr/lib --without-included-gettext --enable-threads=posix --libdir=/usr/lib --enable-nls --enable-bootstrap --enable-clocale=gnu --enable-libstdcxx-debug --enable-libstdcxx-time=yes --with-default-libstdcxx-abi=new --enable-gnu-unique-object --disable-vtable-verify --enable-libmpx --enable-plugin --enable-default-pie --with-system-zlib --with-target-system-zlib=auto --enable-objc-gc=auto --enable-multiarch --disable-werror --with-arch-32=i686 --with-abi=m64 --with-multilib-list=m32 m64 mx32 --enable-multilib --with-tune=generic --enable-offload-targets=nvptx-none --without-cuda-driver --enable-checking=release --build=x86_64-linux-gnu --host=x86_64-linux-gnu --target=x86_64-linux-gnu]
  ignore line: [Thread model: posix]
  ignore line: [gcc version 8.4.0 (Ubuntu 8.4.0-3ubuntu2) ]
  ignore line: [COLLECT_GCC_OPTIONS='-v' '-o' 'CMakeFiles/cmTC_4d24c.dir/CMakeCXXCompilerABI.cpp.o' '-c' '-shared-libgcc' '-mtune=generic' '-march=x86-64']
  ignore line: [ /usr/lib/gcc/x86_64-linux-gnu/8/cc1plus -quiet -v -imultiarch x86_64-linux-gnu -D_GNU_SOURCE /usr/share/cmake-3.16/Modules/CMakeCXXCompilerABI.cpp -quiet -dumpbase CMakeCXXCompilerABI.cpp -mtune=generic -march=x86-64 -auxbase-strip CMakeFiles/cmTC_4d24c.dir/CMakeCXXCompilerABI.cpp.o -version -fasynchronous-unwind-tables -fstack-protector-strong -Wformat -Wformat-security -fstack-clash-protection -fcf-protection -o /tmp/ccOp9oNj.s]
  ignore line: [GNU C++14 (Ubuntu 8.4.0-3ubuntu2) version 8.4.0 (x86_64-linux-gnu)]
  ignore line: [	compiled by GNU C version 8.4.0  GMP version 6.2.0  MPFR version 4.0.2  MPC version 1.1.0  isl version isl-0.22.1-GMP]
  ignore line: []
  ignore line: [GGC heuristics: --param ggc-min-expand=100 --param ggc-min-heapsize=131072]
  ignore line: [ignoring duplicate directory "/usr/include/x86_64-linux-gnu/c++/8"]
  ignore line: [ignoring duplicate directory "/usr/include/x86_64-linux-gnu/c++/8"]
  ignore line: [ignoring nonexistent directory "/usr/local/include/x86_64-linux-gnu"]
  ignore line: [ignoring nonexistent directory "/usr/lib/gcc/x86_64-linux-gnu/8/include-fixed"]
  ignore line: [ignoring nonexistent directory "/usr/lib/gcc/x86_64-linux-gnu/8/../../../../x86_64-linux-gnu/include"]
  ignore line: [ignoring duplicate directory "/home/dhem/intel/compilers_and_libraries_2020.0.166/linux/tbb/include"]
  ignore line: [ignoring duplicate directory "/home/dhem/intel/compilers_and_libraries_2020.0.166/linux/mkl/include"]
  ignore line: [#include "..." search starts here:]
  ignore line: [#include <...> search starts here:]
  ignore line: [ /home/dhem/intel/compilers_and_libraries_2020.0.166/linux/ipp/include]
  ignore line: [ /home/dhem/intel/compilers_and_libraries_2020.0.166/linux/mkl/include]
  ignore line: [ /home/dhem/intel/compilers_and_libraries_2020.0.166/linux/pstl/include]
  ignore line: [ /home/dhem/intel/compilers_and_libraries_2020.0.166/linux/pstl/stdlib]
  ignore line: [ /home/dhem/intel/compilers_and_libraries_2020.0.166/linux/tbb/include]
  ignore line: [ /home/dhem/intel/compilers_and_libraries_2020.0.166/linux/daal/include]
  ignore line: [ .]
  ignore line: [ /usr/include/x86_64-linux-gnu/c++/8/]
  ignore line: [ /usr/include/c++/8]
  ignore line: [ /usr/include/c++/8/backward]
  ignore line: [ /usr/lib/gcc/x86_64-linux-gnu/8/include]
  ignore line: [ /usr/local/include]
  ignore line: [ /usr/include/x86_64-linux-gnu]
  ignore line: [ /usr/include]
  ignore line: [End of search list.]
  ignore line: [GNU C++14 (Ubuntu 8.4.0-3ubuntu2) version 8.4.0 (x86_64-linux-gnu)]
  ignore line: [	compiled by GNU C version 8.4.0  GMP version 6.2.0  MPFR version 4.0.2  MPC version 1.1.0  isl version isl-0.22.1-GMP]
  ignore line: []
  ignore line: [GGC heuristics: --param ggc-min-expand=100 --param ggc-min-heapsize=131072]
  ignore line: [Compiler executable checksum: 7f898f3e7c9bafa983b4c472f0e6877a]
  ignore line: [COLLECT_GCC_OPTIONS='-v' '-o' 'CMakeFiles/cmTC_4d24c.dir/CMakeCXXCompilerABI.cpp.o' '-c' '-shared-libgcc' '-mtune=generic' '-march=x86-64']
  ignore line: [ as -v --64 -o CMakeFiles/cmTC_4d24c.dir/CMakeCXXCompilerABI.cpp.o /tmp/ccOp9oNj.s]
  ignore line: [GNU assembler version 2.34 (x86_64-linux-gnu) using BFD version (GNU Binutils for Ubuntu) 2.34]
  ignore line: [COMPILER_PATH=/usr/lib/gcc/x86_64-linux-gnu/8/:/usr/lib/gcc/x86_64-linux-gnu/8/:/usr/lib/gcc/x86_64-linux-gnu/:/usr/lib/gcc/x86_64-linux-gnu/8/:/usr/lib/gcc/x86_64-linux-gnu/]
  ignore line: [LIBRARY_PATH=/home/dhem/intel/compilers_and_libraries_2020.0.166/linux/mpi/intel64/libfabric/lib/../lib/:/usr/lib/gcc/x86_64-linux-gnu/8/:/usr/lib/gcc/x86_64-linux-gnu/8/../../../x86_64-linux-gnu/:/usr/lib/gcc/x86_64-linux-gnu/8/../../../../lib/:/lib/x86_64-linux-gnu/:/lib/../lib/:/usr/lib/x86_64-linux-gnu/:/usr/lib/../lib/:/home/dhem/intel/compilers_and_libraries_2020.0.166/linux/mpi/intel64/libfabric/lib/:/home/dhem/intel/compilers_and_libraries_2020.0.166/linux/ipp/lib/intel64/:/home/dhem/intel/compilers_and_libraries_2020.0.166/linux/compiler/lib/intel64_lin/:/home/dhem/intel/compilers_and_libraries_2020.0.166/linux/mkl/lib/intel64_lin/:/home/dhem/intel/compilers_and_libraries_2020.0.166/linux/tbb/lib/intel64/gcc4.8/:/home/dhem/intel/compilers_and_libraries_2020.0.166/linux/tbb/lib/intel64/gcc4.8/:/home/dhem/intel/compilers_and_libraries_2020.0.166/linux/daal/lib/intel64_lin/:/home/dhem/intel/compilers_and_libraries_2020.0.166/linux/daal/../tbb/lib/intel64_lin/gcc4.8/:/home/dhem/intel/compilers_and_libraries_2020.0.166/linux/compiler/lib/intel64_lin/:/home/dhem/intel/compilers_and_libraries_2020.0.166/linux/mkl/lib/intel64_lin/:/usr/lib/gcc/x86_64-linux-gnu/8/../../../:/lib/:/usr/lib/]
  ignore line: [COLLECT_GCC_OPTIONS='-v' '-o' 'CMakeFiles/cmTC_4d24c.dir/CMakeCXXCompilerABI.cpp.o' '-c' '-shared-libgcc' '-mtune=generic' '-march=x86-64']
  ignore line: [Linking CXX executable cmTC_4d24c]
  ignore line: [/usr/bin/cmake -E cmake_link_script CMakeFiles/cmTC_4d24c.dir/link.txt --verbose=1]
  ignore line: [/usr/bin/c++      -v -rdynamic CMakeFiles/cmTC_4d24c.dir/CMakeCXXCompilerABI.cpp.o  -o cmTC_4d24c ]
  ignore line: [Using built-in specs.]
  ignore line: [COLLECT_GCC=/usr/bin/c++]
  ignore line: [COLLECT_LTO_WRAPPER=/usr/lib/gcc/x86_64-linux-gnu/8/lto-wrapper]
  ignore line: [OFFLOAD_TARGET_NAMES=nvptx-none]
  ignore line: [OFFLOAD_TARGET_DEFAULT=1]
  ignore line: [Target: x86_64-linux-gnu]
  ignore line: [Configured with: ../src/configure -v --with-pkgversion='Ubuntu 8.4.0-3ubuntu2' --with-bugurl=file:///usr/share/doc/gcc-8/README.Bugs --enable-languages=c ada c++ go brig d fortran objc obj-c++ --prefix=/usr --with-gcc-major-version-only --program-suffix=-8 --program-prefix=x86_64-linux-gnu- --enable-shared --enable-linker-build-id --libexecdir=/usr/lib --without-included-gettext --enable-threads=posix --libdir=/usr/lib --enable-nls --enable-bootstrap --enable-clocale=gnu --enable-libstdcxx-debug --enable-libstdcxx-time=yes --with-default-libstdcxx-abi=new --enable-gnu-unique-object --disable-vtable-verify --enable-libmpx --enable-plugin --enable-default-pie --with-system-zlib --with-target-system-zlib=auto --enable-objc-gc=auto --enable-multiarch --disable-werror --with-arch-32=i686 --with-abi=m64 --with-multilib-list=m32 m64 mx32 --enable-multilib --with-tune=generic --enable-offload-targets=nvptx-none --without-cuda-driver --enable-checking=release --build=x86_64-linux-gnu --host=x86_64-linux-gnu --target=x86_64-linux-gnu]
  ignore line: [Thread model: posix]
  ignore line: [gcc version 8.4.0 (Ubuntu 8.4.0-3ubuntu2) ]
  ignore line: [COMPILER_PATH=/usr/lib/gcc/x86_64-linux-gnu/8/:/usr/lib/gcc/x86_64-linux-gnu/8/:/usr/lib/gcc/x86_64-linux-gnu/:/usr/lib/gcc/x86_64-linux-gnu/8/:/usr/lib/gcc/x86_64-linux-gnu/]
  ignore line: [LIBRARY_PATH=/home/dhem/intel/compilers_and_libraries_2020.0.166/linux/mpi/intel64/libfabric/lib/../lib/:/usr/lib/gcc/x86_64-linux-gnu/8/:/usr/lib/gcc/x86_64-linux-gnu/8/../../../x86_64-linux-gnu/:/usr/lib/gcc/x86_64-linux-gnu/8/../../../../lib/:/lib/x86_64-linux-gnu/:/lib/../lib/:/usr/lib/x86_64-linux-gnu/:/usr/lib/../lib/:/home/dhem/intel/compilers_and_libraries_2020.0.166/linux/mpi/intel64/libfabric/lib/:/home/dhem/intel/compilers_and_libraries_2020.0.166/linux/ipp/lib/intel64/:/home/dhem/intel/compilers_and_libraries_2020.0.166/linux/compiler/lib/intel64_lin/:/home/dhem/intel/compilers_and_libraries_2020.0.166/linux/mkl/lib/intel64_lin/:/home/dhem/intel/compilers_and_libraries_2020.0.166/linux/tbb/lib/intel64/gcc4.8/:/home/dhem/intel/compilers_and_libraries_2020.0.166/linux/tbb/lib/intel64/gcc4.8/:/home/dhem/intel/compilers_and_libraries_2020.0.166/linux/daal/lib/intel64_lin/:/home/dhem/intel/compilers_and_libraries_2020.0.166/linux/daal/../tbb/lib/intel64_lin/gcc4.8/:/home/dhem/intel/compilers_and_libraries_2020.0.166/linux/compiler/lib/intel64_lin/:/home/dhem/intel/compilers_and_libraries_2020.0.166/linux/mkl/lib/intel64_lin/:/usr/lib/gcc/x86_64-linux-gnu/8/../../../:/lib/:/usr/lib/]
  ignore line: [COLLECT_GCC_OPTIONS='-v' '-rdynamic' '-o' 'cmTC_4d24c' '-shared-libgcc' '-mtune=generic' '-march=x86-64']
  link line: [ /usr/lib/gcc/x86_64-linux-gnu/8/collect2 -plugin /usr/lib/gcc/x86_64-linux-gnu/8/liblto_plugin.so -plugin-opt=/usr/lib/gcc/x86_64-linux-gnu/8/lto-wrapper -plugin-opt=-fresolution=/tmp/ccrkFNBM.res -plugin-opt=-pass-through=-lgcc_s -plugin-opt=-pass-through=-lgcc -plugin-opt=-pass-through=-lc -plugin-opt=-pass-through=-lgcc_s -plugin-opt=-pass-through=-lgcc --build-id --eh-frame-hdr -m elf_x86_64 --hash-style=gnu --as-needed -export-dynamic -dynamic-linker /lib64/ld-linux-x86-64.so.2 -pie -z now -z relro -o cmTC_4d24c /usr/lib/gcc/x86_64-linux-gnu/8/../../../x86_64-linux-gnu/Scrt1.o /usr/lib/gcc/x86_64-linux-gnu/8/../../../x86_64-linux-gnu/crti.o /usr/lib/gcc/x86_64-linux-gnu/8/crtbeginS.o -L/home/dhem/intel/compilers_and_libraries_2020.0.166/linux/mpi/intel64/libfabric/lib/../lib -L/usr/lib/gcc/x86_64-linux-gnu/8 -L/usr/lib/gcc/x86_64-linux-gnu/8/../../../x86_64-linux-gnu -L/usr/lib/gcc/x86_64-linux-gnu/8/../../../../lib -L/lib/x86_64-linux-gnu -L/lib/../lib -L/usr/lib/x86_64-linux-gnu -L/usr/lib/../lib -L/home/dhem/intel/compilers_and_libraries_2020.0.166/linux/mpi/intel64/libfabric/lib -L/home/dhem/intel/compilers_and_libraries_2020.0.166/linux/ipp/lib/intel64 -L/home/dhem/intel/compilers_and_libraries_2020.0.166/linux/compiler/lib/intel64_lin -L/home/dhem/intel/compilers_and_libraries_2020.0.166/linux/mkl/lib/intel64_lin -L/home/dhem/intel/compilers_and_libraries_2020.0.166/linux/tbb/lib/intel64/gcc4.8 -L/home/dhem/intel/compilers_and_libraries_2020.0.166/linux/tbb/lib/intel64/gcc4.8 -L/home/dhem/intel/compilers_and_libraries_2020.0.166/linux/daal/lib/intel64_lin -L/home/dhem/intel/compilers_and_libraries_2020.0.166/linux/daal/../tbb/lib/intel64_lin/gcc4.8 -L/home/dhem/intel/compilers_and_libraries_2020.0.166/linux/compiler/lib/intel64_lin -L/home/dhem/intel/compilers_and_libraries_2020.0.166/linux/mkl/lib/intel64_lin -L/usr/lib/gcc/x86_64-linux-gnu/8/../../.. CMakeFiles/cmTC_4d24c.dir/CMakeCXXCompilerABI.cpp.o -lstdc++ -lm -lgcc_s -lgcc -lc -lgcc_s -lgcc /usr/lib/gcc/x86_64-linux-gnu/8/crtendS.o /usr/lib/gcc/x86_64-linux-gnu/8/../../../x86_64-linux-gnu/crtn.o]
    arg [/usr/lib/gcc/x86_64-linux-gnu/8/collect2] ==> ignore
    arg [-plugin] ==> ignore
    arg [/usr/lib/gcc/x86_64-linux-gnu/8/liblto_plugin.so] ==> ignore
    arg [-plugin-opt=/usr/lib/gcc/x86_64-linux-gnu/8/lto-wrapper] ==> ignore
    arg [-plugin-opt=-fresolution=/tmp/ccrkFNBM.res] ==> ignore
    arg [-plugin-opt=-pass-through=-lgcc_s] ==> ignore
    arg [-plugin-opt=-pass-through=-lgcc] ==> ignore
    arg [-plugin-opt=-pass-through=-lc] ==> ignore
    arg [-plugin-opt=-pass-through=-lgcc_s] ==> ignore
    arg [-plugin-opt=-pass-through=-lgcc] ==> ignore
    arg [--build-id] ==> ignore
    arg [--eh-frame-hdr] ==> ignore
    arg [-m] ==> ignore
    arg [elf_x86_64] ==> ignore
    arg [--hash-style=gnu] ==> ignore
    arg [--as-needed] ==> ignore
    arg [-export-dynamic] ==> ignore
    arg [-dynamic-linker] ==> ignore
    arg [/lib64/ld-linux-x86-64.so.2] ==> ignore
    arg [-pie] ==> ignore
    arg [-znow] ==> ignore
    arg [-zrelro] ==> ignore
    arg [-o] ==> ignore
    arg [cmTC_4d24c] ==> ignore
    arg [/usr/lib/gcc/x86_64-linux-gnu/8/../../../x86_64-linux-gnu/Scrt1.o] ==> ignore
    arg [/usr/lib/gcc/x86_64-linux-gnu/8/../../../x86_64-linux-gnu/crti.o] ==> ignore
    arg [/usr/lib/gcc/x86_64-linux-gnu/8/crtbeginS.o] ==> ignore
    arg [-L/home/dhem/intel/compilers_and_libraries_2020.0.166/linux/mpi/intel64/libfabric/lib/../lib] ==> dir [/home/dhem/intel/compilers_and_libraries_2020.0.166/linux/mpi/intel64/libfabric/lib/../lib]
    arg [-L/usr/lib/gcc/x86_64-linux-gnu/8] ==> dir [/usr/lib/gcc/x86_64-linux-gnu/8]
    arg [-L/usr/lib/gcc/x86_64-linux-gnu/8/../../../x86_64-linux-gnu] ==> dir [/usr/lib/gcc/x86_64-linux-gnu/8/../../../x86_64-linux-gnu]
    arg [-L/usr/lib/gcc/x86_64-linux-gnu/8/../../../../lib] ==> dir [/usr/lib/gcc/x86_64-linux-gnu/8/../../../../lib]
    arg [-L/lib/x86_64-linux-gnu] ==> dir [/lib/x86_64-linux-gnu]
    arg [-L/lib/../lib] ==> dir [/lib/../lib]
    arg [-L/usr/lib/x86_64-linux-gnu] ==> dir [/usr/lib/x86_64-linux-gnu]
    arg [-L/usr/lib/../lib] ==> dir [/usr/lib/../lib]
    arg [-L/home/dhem/intel/compilers_and_libraries_2020.0.166/linux/mpi/intel64/libfabric/lib] ==> dir [/home/dhem/intel/compilers_and_libraries_2020.0.166/linux/mpi/intel64/libfabric/lib]
    arg [-L/home/dhem/intel/compilers_and_libraries_2020.0.166/linux/ipp/lib/intel64] ==> dir [/home/dhem/intel/compilers_and_libraries_2020.0.166/linux/ipp/lib/intel64]
    arg [-L/home/dhem/intel/compilers_and_libraries_2020.0.166/linux/compiler/lib/intel64_lin] ==> dir [/home/dhem/intel/compilers_and_libraries_2020.0.166/linux/compiler/lib/intel64_lin]
    arg [-L/home/dhem/intel/compilers_and_libraries_2020.0.166/linux/mkl/lib/intel64_lin] ==> dir [/home/dhem/intel/compilers_and_libraries_2020.0.166/linux/mkl/lib/intel64_lin]
    arg [-L/home/dhem/intel/compilers_and_libraries_2020.0.166/linux/tbb/lib/intel64/gcc4.8] ==> dir [/home/dhem/intel/compilers_and_libraries_2020.0.166/linux/tbb/lib/intel64/gcc4.8]
    arg [-L/home/dhem/intel/compilers_and_libraries_2020.0.166/linux/tbb/lib/intel64/gcc4.8] ==> dir [/home/dhem/intel/compilers_and_libraries_2020.0.166/linux/tbb/lib/intel64/gcc4.8]
    arg [-L/home/dhem/intel/compilers_and_libraries_2020.0.166/linux/daal/lib/intel64_lin] ==> dir [/home/dhem/intel/compilers_and_libraries_2020.0.166/linux/daal/lib/intel64_lin]
    arg [-L/home/dhem/intel/compilers_and_libraries_2020.0.166/linux/daal/../tbb/lib/intel64_lin/gcc4.8] ==> dir [/home/dhem/intel/compilers_and_libraries_2020.0.166/linux/daal/../tbb/lib/intel64_lin/gcc4.8]
    arg [-L/home/dhem/intel/compilers_and_libraries_2020.0.166/linux/compiler/lib/intel64_lin] ==> dir [/home/dhem/intel/compilers_and_libraries_2020.0.166/linux/compiler/lib/intel64_lin]
    arg [-L/home/dhem/intel/compilers_and_libraries_2020.0.166/linux/mkl/lib/intel64_lin] ==> dir [/home/dhem/intel/compilers_and_libraries_2020.0.166/linux/mkl/lib/intel64_lin]
    arg [-L/usr/lib/gcc/x86_64-linux-gnu/8/../../..] ==> dir [/usr/lib/gcc/x86_64-linux-gnu/8/../../..]
    arg [CMakeFiles/cmTC_4d24c.dir/CMakeCXXCompilerABI.cpp.o] ==> ignore
    arg [-lstdc++] ==> lib [stdc++]
    arg [-lm] ==> lib [m]
    arg [-lgcc_s] ==> lib [gcc_s]
    arg [-lgcc] ==> lib [gcc]
    arg [-lc] ==> lib [c]
    arg [-lgcc_s] ==> lib [gcc_s]
    arg [-lgcc] ==> lib [gcc]
    arg [/usr/lib/gcc/x86_64-linux-gnu/8/crtendS.o] ==> ignore
    arg [/usr/lib/gcc/x86_64-linux-gnu/8/../../../x86_64-linux-gnu/crtn.o] ==> ignore
  collapse library dir [/home/dhem/intel/compilers_and_libraries_2020.0.166/linux/mpi/intel64/libfabric/lib/../lib] ==> [/home/dhem/intel/compilers_and_libraries_2020.0.166/linux/mpi/intel64/libfabric/lib]
  collapse library dir [/usr/lib/gcc/x86_64-linux-gnu/8] ==> [/usr/lib/gcc/x86_64-linux-gnu/8]
  collapse library dir [/usr/lib/gcc/x86_64-linux-gnu/8/../../../x86_64-linux-gnu] ==> [/usr/lib/x86_64-linux-gnu]
  collapse library dir [/usr/lib/gcc/x86_64-linux-gnu/8/../../../../lib] ==> [/usr/lib]
  collapse library dir [/lib/x86_64-linux-gnu] ==> [/lib/x86_64-linux-gnu]
  collapse library dir [/lib/../lib] ==> [/lib]
  collapse library dir [/usr/lib/x86_64-linux-gnu] ==> [/usr/lib/x86_64-linux-gnu]
  collapse library dir [/usr/lib/../lib] ==> [/usr/lib]
  collapse library dir [/home/dhem/intel/compilers_and_libraries_2020.0.166/linux/mpi/intel64/libfabric/lib] ==> [/home/dhem/intel/compilers_and_libraries_2020.0.166/linux/mpi/intel64/libfabric/lib]
  collapse library dir [/home/dhem/intel/compilers_and_libraries_2020.0.166/linux/ipp/lib/intel64] ==> [/home/dhem/intel/compilers_and_libraries_2020.0.166/linux/ipp/lib/intel64]
  collapse library dir [/home/dhem/intel/compilers_and_libraries_2020.0.166/linux/compiler/lib/intel64_lin] ==> [/home/dhem/intel/compilers_and_libraries_2020.0.166/linux/compiler/lib/intel64_lin]
  collapse library dir [/home/dhem/intel/compilers_and_libraries_2020.0.166/linux/mkl/lib/intel64_lin] ==> [/home/dhem/intel/compilers_and_libraries_2020.0.166/linux/mkl/lib/intel64_lin]
  collapse library dir [/home/dhem/intel/compilers_and_libraries_2020.0.166/linux/tbb/lib/intel64/gcc4.8] ==> [/home/dhem/intel/compilers_and_libraries_2020.0.166/linux/tbb/lib/intel64/gcc4.8]
  collapse library dir [/home/dhem/intel/compilers_and_libraries_2020.0.166/linux/tbb/lib/intel64/gcc4.8] ==> [/home/dhem/intel/compilers_and_libraries_2020.0.166/linux/tbb/lib/intel64/gcc4.8]
  collapse library dir [/home/dhem/intel/compilers_and_libraries_2020.0.166/linux/daal/lib/intel64_lin] ==> [/home/dhem/intel/compilers_and_libraries_2020.0.166/linux/daal/lib/intel64_lin]
  collapse library dir [/home/dhem/intel/compilers_and_libraries_2020.0.166/linux/daal/../tbb/lib/intel64_lin/gcc4.8] ==> [/home/dhem/intel/compilers_and_libraries_2020.0.166/linux/tbb/lib/intel64_lin/gcc4.8]
  collapse library dir [/home/dhem/intel/compilers_and_libraries_2020.0.166/linux/compiler/lib/intel64_lin] ==> [/home/dhem/intel/compilers_and_libraries_2020.0.166/linux/compiler/lib/intel64_lin]
  collapse library dir [/home/dhem/intel/compilers_and_libraries_2020.0.166/linux/mkl/lib/intel64_lin] ==> [/home/dhem/intel/compilers_and_libraries_2020.0.166/linux/mkl/lib/intel64_lin]
  collapse library dir [/usr/lib/gcc/x86_64-linux-gnu/8/../../..] ==> [/usr/lib]
  implicit libs: [stdc++;m;gcc_s;gcc;c;gcc_s;gcc]
  implicit dirs: [/home/dhem/intel/compilers_and_libraries_2020.0.166/linux/mpi/intel64/libfabric/lib;/usr/lib/gcc/x86_64-linux-gnu/8;/usr/lib/x86_64-linux-gnu;/usr/lib;/lib/x86_64-linux-gnu;/lib;/home/dhem/intel/compilers_and_libraries_2020.0.166/linux/ipp/lib/intel64;/home/dhem/intel/compilers_and_libraries_2020.0.166/linux/compiler/lib/intel64_lin;/home/dhem/intel/compilers_and_libraries_2020.0.166/linux/mkl/lib/intel64_lin;/home/dhem/intel/compilers_and_libraries_2020.0.166/linux/tbb/lib/intel64/gcc4.8;/home/dhem/intel/compilers_and_libraries_2020.0.166/linux/daal/lib/intel64_lin;/home/dhem/intel/compilers_and_libraries_2020.0.166/linux/tbb/lib/intel64_lin/gcc4.8]
  implicit fwks: []


